<?xml version="1.0" encoding="UTF-8"?>
<!-- Generated by org.testng.reporters.JUnitReportReporter -->
<testsuite skipped="0" hostname="Hosur-HP" name="com.app.orangeHRM.testscripts.AccessRecord_Test" tests="1" failures="0" timestamp="2020-11-28T17:38:48 IST" time="30.944" errors="0">
  <testcase name="testAccessRecords" time="30.944" classname="com.app.orangeHRM.testscripts.AccessRecord_Test"/>
  <system-out/>
</testsuite> <!-- com.app.orangeHRM.testscripts.AccessRecord_Test -->
