<?xml version="1.0" encoding="UTF-8"?>
<!-- Generated by org.testng.reporters.JUnitReportReporter -->
<testsuite skipped="0" hostname="Hosur-HP" name="com.app.orangeHRM.testscripts.LoginTest" tests="1" failures="0" timestamp="2020-11-09T19:10:00 IST" time="25.173" errors="0">
  <testcase name="orangeHRMlogin" time="25.173" classname="com.app.orangeHRM.testscripts.LoginTest"/>
  <system-out/>
</testsuite> <!-- com.app.orangeHRM.testscripts.LoginTest -->
