<?xml version="1.0" encoding="UTF-8"?>
<!-- Generated by org.testng.reporters.JUnitReportReporter -->
<testsuite skipped="0" hostname="Hosur-HP" name="com.app.orangeHRM.testscripts.AddEmployeeTest" tests="1" failures="0" timestamp="2020-11-27T08:54:51 IST" time="34.810" errors="0">
  <testcase name="addEmployeeTest" time="34.810" classname="com.app.orangeHRM.testscripts.AddEmployeeTest"/>
  <system-out/>
</testsuite> <!-- com.app.orangeHRM.testscripts.AddEmployeeTest -->
